TODAYS MENU
-----------
Pre-course: Greaskarsuppe
Main course: Gullsh
Desert: Gulerodskage


TODAYS MENU
-----------
Pre-course: Greaskarsuppe
Main course: Hakkebøf
Desert: Citronfromage


TODAYS MENU
-----------
Pre-course: Lakserulle
Main course: Gyldenkål
Desert: Gulerodskage


TODAYS MENU
-----------
Pre-course: Tartelleter
Main course: Gullsh
Desert: Citronfromage


TODAYS MENU
-----------
Pre-course: Lakserulle
Main course: Forloren hare
Desert: Citronfromage


TODAYS MENU
-----------
Pre-course: Lakserulle
Main course: Gyldenkål
Desert: Chokolademouse


TODAYS MENU
-----------
Pre-course: Guacamole
Main course: Gyldenkål
Desert: Citronfromage


TODAYS MENU
-----------
Pre-course: Guacamole
Main course: Forloren hare
Desert: Gulerodskage


TODAYS MENU
-----------
Pre-course: Lakserulle
Main course: Gullsh
Desert: Chokolademouse


TODAYS MENU
-----------
Pre-course: Greaskarsuppe
Main course: Forloren hare
Desert: Citronfromage


TODAYS MENU
-----------
Pre-course: Tartelleter
Main course: Gullsh
Desert: Chokolademouse


TODAYS MENU
-----------
Pre-course: Lakserulle
Main course: Hakkebøf
Desert: Citronfromage


TODAYS MENU
-----------
Pre-course: Tartelleter
Main course: Gyldenkål
Desert: Citronfromage


TODAYS MENU
-----------
Pre-course: Lakserulle
Main course: Hakkebøf
Desert: Gulerodskage


TODAYS MENU
-----------
Pre-course: Tartelleter
Main course: Forloren hare
Desert: Pandekager med is


TODAYS MENU
-----------
Pre-course: Tartelleter
Main course: Gullsh
Desert: Pandekager med is


TODAYS MENU
-----------
Pre-course: Greaskarsuppe
Main course: Gullsh
Desert: Gulerodskage


TODAYS MENU
-----------
Pre-course: Lakserulle
Main course: Forloren hare
Desert: Pandekager med is


TODAYS MENU
-----------
Pre-course: Guacamole
Main course: Hakkebøf
Desert: Chokolademouse


TODAYS MENU
-----------
Pre-course: Lakserulle
Main course: Gyldenkål
Desert: Gulerodskage


TODAYS MENU
-----------
Pre-course: Tartelleter
Main course: Hakkebøf
Desert: Pandekager med is


TODAYS MENU
-----------
Pre-course: Greaskarsuppe
Main course: Gyldenkål
Desert: Gulerodskage


TODAYS MENU
-----------
Pre-course: Lakserulle
Main course: Hakkebøf
Desert: Gulerodskage


TODAYS MENU
-----------
Pre-course: Tartelleter
Main course: Gyldenkål
Desert: Citronfromage


TODAYS MENU
-----------
Pre-course: Lakserulle
Main course: Hakkebøf
Desert: Chokolademouse


